{
  "stats": {
    "suites": 2,
    "tests": 2,
    "passes": 2,
    "pending": 0,
    "failures": 0,
    "start": "2025-06-28T15:01:32.650Z",
    "end": "2025-06-28T15:01:39.115Z",
    "duration": 6465,
    "testsRegistered": 2,
    "passPercent": 100,
    "pendingPercent": 0,
    "other": 0,
    "hasOther": false,
    "skipped": 0,
    "hasSkipped": false
  },
  "results": [
    {
      "uuid": "64329889-4f4e-44a0-9d94-c67186329644",
      "title": "",
      "fullFile": "",
      "file": "",
      "beforeHooks": [],
      "afterHooks": [],
      "tests": [],
      "suites": [
        {
          "uuid": "8c82d6ed-f004-41e8-97ba-a65a868bb4ed",
          "title": "Sukses Login SauceDemo",
          "fullFile": "C:\\Users\\izzar\\Videos\\web automation\\Sesi9_Ummu\\tests\\test-login.js",
          "file": "\\tests\\test-login.js",
          "beforeHooks": [
            {
              "title": "\"before all\" hook in \"Sukses Login SauceDemo\"",
              "fullTitle": "Sukses Login SauceDemo \"before all\" hook in \"Sukses Login SauceDemo\"",
              "timedOut": false,
              "duration": 1972,
              "state": null,
              "speed": null,
              "pass": false,
              "fail": false,
              "pending": false,
              "context": null,
              "code": "const options = new chrome.Options();\ndriver = await new Builder().forBrowser('chrome').setChromeOptions(options).build();",
              "err": {},
              "uuid": "24d4bb59-d6dc-474a-870a-52047ea3ba2d",
              "parentUUID": "8c82d6ed-f004-41e8-97ba-a65a868bb4ed",
              "isHook": true,
              "skipped": false
            }
          ],
          "afterHooks": [
            {
              "title": "\"after all\" hook in \"Sukses Login SauceDemo\"",
              "fullTitle": "Sukses Login SauceDemo \"after all\" hook in \"Sukses Login SauceDemo\"",
              "timedOut": false,
              "duration": 90,
              "state": null,
              "speed": null,
              "pass": false,
              "fail": false,
              "pending": false,
              "context": null,
              "code": "await driver.quit();",
              "err": {},
              "uuid": "cf051aa3-da33-4c5f-951c-83a7ef1a148a",
              "parentUUID": "8c82d6ed-f004-41e8-97ba-a65a868bb4ed",
              "isHook": true,
              "skipped": false
            }
          ],
          "tests": [
            {
              "title": "Harus bisa login dengan kredensial yang valid",
              "fullTitle": "Sukses Login SauceDemo Harus bisa login dengan kredensial yang valid",
              "timedOut": false,
              "duration": 1605,
              "state": "passed",
              "speed": "slow",
              "pass": true,
              "fail": false,
              "pending": false,
              "context": null,
              "code": "await driver.get('https://www.saucedemo.com/');\n// Isi form login\nconst inputUsername = await driver.findElement(By.css('[data-test=\"username\"]'));\nconst inputPassword = await driver.findElement(By.css('[data-test=\"password\"]'));\nconst loginButton = await driver.findElement(By.css('[data-test=\"login-button\"]'));\nawait inputUsername.sendKeys('standard_user');\nawait inputPassword.sendKeys('secret_sauce');\nawait loginButton.click();\n// Verifikasi berhasil login dengan mengecek presence shopping cart\nconst cartButton = await driver.wait(\n    until.elementLocated(By.css('[data-test=\"shopping-cart-link\"]')),\n    10000,\n    'Cart button harus muncul setelah login'\n);\nassert(await cartButton.isDisplayed(), 'Cart button tidak terlihat, login gagal');\n// Verifikasi logo halaman\nconst appLogo = await driver.findElement(By.className('app_logo'));\nconst logoText = await appLogo.getText();\nassert.strictEqual(logoText, 'Swag Labs', 'Logo teks tidak sesuai');",
              "err": {},
              "uuid": "1c0e2ee8-07f9-4ac4-b224-5407fe98f1d4",
              "parentUUID": "8c82d6ed-f004-41e8-97ba-a65a868bb4ed",
              "isHook": false,
              "skipped": false
            }
          ],
          "suites": [],
          "passes": [
            "1c0e2ee8-07f9-4ac4-b224-5407fe98f1d4"
          ],
          "failures": [],
          "pending": [],
          "skipped": [],
          "duration": 1605,
          "root": false,
          "rootEmpty": false,
          "_timeout": 60000
        },
        {
          "uuid": "4f86a1ce-93d6-4961-be4a-7c59d2109e7d",
          "title": "Sort Produk dari A-Z di SauceDemo",
          "fullFile": "C:\\Users\\izzar\\Videos\\web automation\\Sesi9_Ummu\\tests\\test-sort-produk.js",
          "file": "\\tests\\test-sort-produk.js",
          "beforeHooks": [
            {
              "title": "\"before all\" hook in \"Sort Produk dari A-Z di SauceDemo\"",
              "fullTitle": "Sort Produk dari A-Z di SauceDemo \"before all\" hook in \"Sort Produk dari A-Z di SauceDemo\"",
              "timedOut": false,
              "duration": 830,
              "state": null,
              "speed": null,
              "pass": false,
              "fail": false,
              "pending": false,
              "context": null,
              "code": "const options = new chrome.Options();\ndriver = await new Builder().forBrowser('chrome').setChromeOptions(options).build();",
              "err": {},
              "uuid": "00027b85-d456-484a-9213-3cd45eb807b2",
              "parentUUID": "4f86a1ce-93d6-4961-be4a-7c59d2109e7d",
              "isHook": true,
              "skipped": false
            }
          ],
          "afterHooks": [
            {
              "title": "\"after all\" hook in \"Sort Produk dari A-Z di SauceDemo\"",
              "fullTitle": "Sort Produk dari A-Z di SauceDemo \"after all\" hook in \"Sort Produk dari A-Z di SauceDemo\"",
              "timedOut": false,
              "duration": 62,
              "state": null,
              "speed": null,
              "pass": false,
              "fail": false,
              "pending": false,
              "context": null,
              "code": "await driver.quit();",
              "err": {},
              "uuid": "7c1405cf-e2ab-4007-bdcf-19c900a91e8e",
              "parentUUID": "4f86a1ce-93d6-4961-be4a-7c59d2109e7d",
              "isHook": true,
              "skipped": false
            }
          ],
          "tests": [
            {
              "title": "Login dan sort produk dari A-Z",
              "fullTitle": "Sort Produk dari A-Z di SauceDemo Login dan sort produk dari A-Z",
              "timedOut": false,
              "duration": 1897,
              "state": "passed",
              "speed": "slow",
              "pass": true,
              "fail": false,
              "pending": false,
              "context": null,
              "code": "await driver.get('https://www.saucedemo.com/');\n// Login\nawait driver.findElement(By.css('[data-test=\"username\"]')).sendKeys('standard_user');\nawait driver.findElement(By.css('[data-test=\"password\"]')).sendKeys('secret_sauce');\nawait driver.findElement(By.css('[data-test=\"login-button\"]')).click();\n// Tunggu halaman produk muncul\nawait driver.wait(until.elementLocated(By.className('inventory_list')), 10000);\n// Pilih filter \"Name (A to Z)\" secara eksplisit\nconst dropdown = await driver.findElement(By.css('[data-test=\"product-sort-container\"]'));\nawait dropdown.click(); // Buka dropdown\nconst optionAZ = await driver.findElement(By.css('option[value=\"az\"]'));\nawait optionAZ.click(); // Pilih A-Z\n// Tunggu sorting selesai (DOM re-render)\nawait driver.sleep(1000);\n// Ambil semua nama produk\nconst productElements = await driver.findElements(By.className('inventory_item_name'));\nconst productNames = [];\nfor (let el of productElements) {\n    productNames.push(await el.getText());\n}\n// Buat salinan lalu urutkan\nconst sortedNames = [...productNames].sort();\n// Debug (opsional)\nconsole.log(\"Produk tampil:\", productNames);\nconsole.log(\"Produk urut:\", sortedNames);\n// Verifikasi: urutan sudah A-Z\nassert.deepStrictEqual(productNames, sortedNames, 'Produk tidak terurut A-Z');",
              "err": {},
              "uuid": "36f4a61a-a252-4fcf-ba31-3267ad9d4579",
              "parentUUID": "4f86a1ce-93d6-4961-be4a-7c59d2109e7d",
              "isHook": false,
              "skipped": false
            }
          ],
          "suites": [],
          "passes": [
            "36f4a61a-a252-4fcf-ba31-3267ad9d4579"
          ],
          "failures": [],
          "pending": [],
          "skipped": [],
          "duration": 1897,
          "root": false,
          "rootEmpty": false,
          "_timeout": 30000
        }
      ],
      "passes": [],
      "failures": [],
      "pending": [],
      "skipped": [],
      "duration": 0,
      "root": true,
      "rootEmpty": true,
      "_timeout": 60000
    }
  ],
  "meta": {
    "mocha": {
      "version": "10.8.2"
    },
    "mochawesome": {
      "options": {
        "quiet": false,
        "reportFilename": "mochawesome",
        "saveHtml": true,
        "saveJson": true,
        "consoleReporter": "spec",
        "useInlineDiffs": false,
        "code": true
      },
      "version": "7.1.3"
    },
    "marge": {
      "options": null,
      "version": "6.2.0"
    }
  }
}